<?xml version="1.0" encoding="UTF-8"?>
<!-- Generated by org.testng.reporters.JUnitReportReporter -->
<testsuite skipped="0" hostname="SYS360" name="TestNG.P2" tests="1" failures="0" timestamp="15 Oct 2019 13:20:54 GMT" time="0.007" errors="0">
  <testcase name="data" time="0.007" classname="TestNG.P2"/>
</testsuite> <!-- TestNG.P2 -->
