<?xml version="1.0" encoding="UTF-8"?>
<!-- Generated by org.testng.reporters.JUnitReportReporter -->
<testsuite skipped="0" hostname="SYS360" name="TestNG.P1" tests="3" failures="0" timestamp="15 Oct 2019 12:40:13 GMT" time="0.009" errors="0">
  <testcase name="jhansi" time="0.001" classname="TestNG.P1"/>
  <testcase name="jhans" time="0.008" classname="TestNG.P1"/>
  <testcase name="jhansii" time="0.000" classname="TestNG.P1"/>
</testsuite> <!-- TestNG.P1 -->
